<?xml version="1.0" encoding="utf-8"?><testsuites name="pytest tests"><testsuite name="pytest" errors="0" failures="0" skipped="0" tests="9" time="126.402" timestamp="2026-06-07T13:20:51.153338+00:00" hostname="agent-env-ac67eaba-5017-4d2f-8e8d-7a079b734107"><testcase classname="backend_test.TestHealth" name="test_root_ok" time="0.204" /><testcase classname="backend_test.TestHealth" name="test_state_waiting_after_reset" time="0.094" /><testcase classname="backend_test.TestHealth" name="test_reset_endpoint" time="0.088" /><testcase classname="backend_test.TestHealth" name="test_logs_endpoint" time="0.092" /><testcase classname="backend_test.TestUploadQuiz1" name="test_quiz1_success_b" time="18.540" /><testcase classname="backend_test.TestUploadQuiz1" name="test_quiz1_duplicate_stable" time="21.990" /><testcase classname="backend_test.TestQuestionSwitch" name="test_quiz1_then_quiz2_resets" time="30.284" /><testcase classname="backend_test.TestFragments" name="test_frag1_frag2_opts" time="40.298" /><testcase classname="backend_test.TestWebSocket" name="test_ws_initial_state_and_broadcast" time="14.649" /></testsuite></testsuites>